CrazyCube/proguard.cfg
#The below is used for AdsMOGO_AndroidSDK settings
-dontwarn
-keep public class com.admogo.** {*;} 
-keeppackagenames com.madhouse.android.ads
-keepclassmembers class * {public *;}
-keep public class * {public *;}
-keep public class com.adwo.adsdk.AdwoAdBrowserActivity
-keeppackagenames com.adwo.adsdk.AdwoAdView
-keepclassmembers class * {public *;}
-keep public class * {public *;}
-optimizationpasses 5
-dontusemixedcaseclassnames
-dontskipnonpubliclibraryclasses
-dontpreverify
-verbose
-optimizations !code/simplification/arithmetic,!field/*,!class/merging/*

-keep public class * extends android.app.Activity
-keep public class * extends android.app.Application
-keep public class * extends android.app.Service
-keep public class * extends android.content.BroadcastReceiver
-keep public class * extends android.content.ContentProvider
-keep public class * extends android.app.backup.BackupAgentHelper
-keep public class * extends android.preference.Preference
-keep public class com.android.vending.licensing.ILicensingService

-keep public class MobWin.*
-keep public class MobWin.cnst.*
-keep class com.tencent.lbsapi.*
-keep class com.tencent.lbsapi.core.*
-keep class LBSAPIProtocol.*
-keep class com.tencent.lbsapi.core.QLBSJNI {
*;
}

-keepclasseswithmembernames class * {
    native <methods>;
}

-keepclasseswithmembernames class * {
    public <init>(android.content.Context, android.util.AttributeSet);
}

-keepclasseswithmembernames class * {
    public <init>(android.content.Context, android.util.AttributeSet, int);
}

-keepclassmembers enum * {
    public static **[] values();
    public static ** valueOf(java.lang.String);
}

-keep class * implements android.os.Parcelable {
  public static final android.os.Parcelable$Creator *;
}