CrazyCube/proguard/seeds.txt
elong.CrazyCube.CrazyCubeMain
elong.CrazyCube.CrazyCubeMain: elong.Cube.Cube3.CrazyCube$E_METHOD eWhichMethod
elong.CrazyCube.CrazyCubeMain: boolean bSupportMultiMethod
elong.CrazyCube.CrazyCubeMain: elong.Cube.Cube3.CrazyCube cubeMain
elong.CrazyCube.CrazyCubeMain: elong.CrazyCube.CrazyCubeMain$E_MENU meActiveMenu
elong.CrazyCube.CrazyCubeMain: android.hardware.SensorEventListener AcceleratorSensorEventListener
elong.CrazyCube.CrazyCubeMain: android.hardware.SensorEventListener ProximitySensorEventListener
elong.CrazyCube.CrazyCubeMain: CrazyCubeMain()
elong.CrazyCube.CrazyCubeMain: boolean onKeyDown(int,android.view.KeyEvent)
elong.CrazyCube.CrazyCubeMain: boolean onCreateOptionsMenu(android.view.Menu)
elong.CrazyCube.CrazyCubeMain: boolean onMenuOpened(int,android.view.Menu)
elong.CrazyCube.CrazyCubeMain: boolean onOptionsItemSelected(android.view.MenuItem)
elong.CrazyCube.CrazyCubeMain: boolean isShowAdTime()
elong.CrazyCube.CrazyCubeMain: void onAccuracyChanged(android.hardware.Sensor,int)
elong.CrazyCube.CrazyCubeMain: void onSensorChanged(android.hardware.SensorEvent)
elong.CrazyCube.CrazyCubeMain: void onClickAd()
elong.CrazyCube.CrazyCubeMain: void onCloseMogoDialog()
elong.CrazyCube.CrazyCubeMain: void onFailedReceiveAd()
elong.CrazyCube.CrazyCubeMain: void onReceiveAd()
elong.CrazyCube.CrazyCubeMain: java.lang.Class getCustomEvemtPlatformAdapterClass(com.adsmogo.adapters.AdsMogoCustomEventPlatformEnum)
elong.CrazyCube.CrazyCubeMain$1: void onAccuracyChanged(android.hardware.Sensor,int)
elong.CrazyCube.CrazyCubeMain$1: void onSensorChanged(android.hardware.SensorEvent)
elong.CrazyCube.CrazyCubeMain$10: void onClick(android.view.View)
elong.CrazyCube.CrazyCubeMain$2: void onAccuracyChanged(android.hardware.Sensor,int)
elong.CrazyCube.CrazyCubeMain$2: void onSensorChanged(android.hardware.SensorEvent)
elong.CrazyCube.CrazyCubeMain$3: void onClick(android.view.View)
elong.CrazyCube.CrazyCubeMain$4: void onClick(android.view.View)
elong.CrazyCube.CrazyCubeMain$5: void onClick(android.view.View)
elong.CrazyCube.CrazyCubeMain$6: void onClick(android.view.View)
elong.CrazyCube.CrazyCubeMain$7: void onClick(android.view.View)
elong.CrazyCube.CrazyCubeMain$8: void onClick(android.view.View)
elong.CrazyCube.CrazyCubeMain$9: void onClick(android.view.View)
elong.CrazyCube.CrazyCubeMain$E_MENU
elong.CrazyCube.CrazyCubeMain$E_MENU: elong.CrazyCube.CrazyCubeMain$E_MENU MAIN_NONE
elong.CrazyCube.CrazyCubeMain$E_MENU: elong.CrazyCube.CrazyCubeMain$E_MENU MAIN_PLAY
elong.CrazyCube.CrazyCubeMain$E_MENU: elong.CrazyCube.CrazyCubeMain$E_MENU MAIN_STUDY
elong.CrazyCube.CrazyCubeMain$E_MENU: elong.CrazyCube.CrazyCubeMain$E_MENU MAIN_SETUP
elong.CrazyCube.CrazyCubeMain$E_MENU: elong.CrazyCube.CrazyCubeMain$E_MENU MAIN_ADVANCE
elong.CrazyCube.CrazyCubeMain$E_MENU: elong.CrazyCube.CrazyCubeMain$E_MENU MAIN_HELP
elong.CrazyCube.CrazyCubeMain$E_MENU: elong.CrazyCube.CrazyCubeMain$E_MENU MAIN_ABOUT
elong.CrazyCube.CrazyCubeMain$E_MENU: elong.CrazyCube.CrazyCubeMain$E_MENU MAIN_APP
elong.CrazyCube.CrazyCubeMain$E_MENU: elong.CrazyCube.CrazyCubeMain$E_MENU MAIN_EXIT
elong.CrazyCube.CrazyCubeMain$E_MENU: elong.CrazyCube.CrazyCubeMain$E_MENU[] values()
elong.CrazyCube.CrazyCubeMain$E_MENU: elong.CrazyCube.CrazyCubeMain$E_MENU valueOf(java.lang.String)
...
net.cavas.show.obj.AppDetail
net.cavas.show.obj.AppDetail: java.lang.String version
net.cavas.show.obj.AppDetail: java.lang.String appDes
net.cavas.show.obj.AppDetail: java.lang.String appIcon
net.cavas.show.obj.AppDetail: int asize
net.cavas.show.obj.AppDetail: AppDetail()
net.cavas.show.obj.Apps
net.cavas.show.obj.Apps: int INIT
net.cavas.show.obj.Apps: int DOWNLOADING
net.cavas.show.obj.Apps: int PAUSED
net.cavas.show.obj.Apps: int PREPARED
net.cavas.show.obj.Apps: int INSTALLED
net.cavas.show.obj.Apps: int RUNED
net.cavas.show.obj.Apps: java.lang.String id
net.cavas.show.obj.Apps: java.lang.String appName
net.cavas.show.obj.Apps: java.lang.String pkName
net.cavas.show.obj.Apps: java.lang.String pkNameServer
net.cavas.show.obj.Apps: java.lang.String desction
net.cavas.show.obj.Apps: java.lang.String icon
net.cavas.show.obj.Apps: java.lang.String url
net.cavas.show.obj.Apps: int score
net.cavas.show.obj.Apps: int nwid
net.cavas.show.obj.Apps: java.lang.String hash
net.cavas.show.obj.Apps: int asize
net.cavas.show.obj.Apps: int action
net.cavas.show.obj.Apps: java.lang.String actdes
net.cavas.show.obj.Apps: int curact
net.cavas.show.obj.Apps: int status
net.cavas.show.obj.Apps: boolean hasPic
net.cavas.show.obj.Apps: int maxLength
net.cavas.show.obj.Apps: int curProgress
net.cavas.show.obj.Apps: double curProgressD
net.cavas.show.obj.Apps: int serverID
net.cavas.show.obj.Apps: net.cavas.show.obj.AppDetail appDetail
net.cavas.show.obj.Apps: java.lang.String ownerId
net.cavas.show.obj.Apps: Apps()
net.cavas.show.obj.Apps: int compareTo(java.lang.Object)
net.cavas.show.obj.Params
net.cavas.show.obj.Params: java.lang.String title
net.cavas.show.obj.Params: int cs
net.cavas.show.obj.Params: int ss
net.cavas.show.obj.Params: java.lang.String scoreName
net.cavas.show.obj.Params: float scoreRate
net.cavas.show.obj.Params: int pageSize
net.cavas.show.obj.Params: java.lang.String sd
net.cavas.show.obj.Params: int us
net.cavas.show.obj.Params: Params()
net.cavas.show.obj.Traces
net.cavas.show.obj.Traces: java.lang.String aid
net.cavas.show.obj.Traces: java.lang.String uuid
net.cavas.show.obj.Traces: int nwid
net.cavas.show.obj.Traces: java.lang.String adid
net.cavas.show.obj.Traces: java.lang.String adpk
net.cavas.show.obj.Traces: int type
net.cavas.show.obj.Traces: java.lang.String date
net.cavas.show.obj.Traces: Traces()
net.cavas.show.obj.Traces: java.lang.String toString()
net.cavas.show.ui.ListFooterView
net.cavas.show.ui.ListFooterView: ListFooterView(android.content.Context)
net.cavas.show.ui.MyGallery
net.cavas.show.ui.MyGallery: MyGallery(android.content.Context)
net.cavas.show.ui.MyGallery: MyGallery(android.content.Context,android.util.AttributeSet)
net.cavas.show.ui.MyGallery: MyGallery(android.content.Context,android.util.AttributeSet,int)
net.cavas.show.ui.MyGallery: boolean onFling(android.view.MotionEvent,android.view.MotionEvent,float,float)
net.cavas.show.ui.MyGallery: boolean onScroll(android.view.MotionEvent,android.view.MotionEvent,float,float)