CrazyCube/proguard/mapping.txt
elong.CrazyCube.CrazyCubeMain -> elong.CrazyCube.CrazyCubeMain:
    elong.Cube.Cube3.CrazyCube$E_METHOD eWhichMethod -> eWhichMethod
    boolean bSupportMultiMethod -> bSupportMultiMethod
    android.opengl.GLSurfaceView vMain -> c
    elong.Cube.CrazyCubeGL crazyCubeGL -> d
    elong.Cube.Cube3.CrazyCube cubeMain -> cubeMain
    long lBackLastTime -> e
    boolean bClickAD -> f
    android.hardware.SensorManager sm -> a
    long curTime -> b
    elong.CrazyCube.CrazyCubeMain$E_MENU meActiveMenu -> meActiveMenu
    android.hardware.SensorEventListener AcceleratorSensorEventListener -> AcceleratorSensorEventListener
    android.hardware.SensorEventListener ProximitySensorEventListener -> ProximitySensorEventListener
    void onCreate(android.os.Bundle) -> onCreate
    void onDestroy() -> onDestroy
    void onPause() -> onPause
    void onRestart() -> onRestart
    void onResume() -> onResume
    void onStart() -> onStart
    void onStop() -> onStop
    boolean onKeyDown(int,android.view.KeyEvent) -> onKeyDown
    void ShowMainMenu$faab20d() -> a
    void IncreaseRunTimes$faab20d() -> b
    boolean onCreateOptionsMenu(android.view.Menu) -> onCreateOptionsMenu
    boolean onMenuOpened(int,android.view.Menu) -> onMenuOpened
    boolean onOptionsItemSelected(android.view.MenuItem) -> onOptionsItemSelected
    boolean isShowAdTime() -> isShowAdTime
    void onAccuracyChanged(android.hardware.Sensor,int) -> onAccuracyChanged
elong.CrazyCube.CrazyCubeMain$1 -> elong.CrazyCube.a:
    boolean bShakeZDown -> a
    long lShakeZDownTime -> b
    long lDisruptCurrentTime -> c
    long lDisruptLastTime -> d
    long lDisruptLastTime2 -> e
    float fMaxX -> f
    float fMinX -> g
    long lTipCurrentTime -> h
    long lTipLastTime -> i
    elong.CrazyCube.CrazyCubeMain this$0 -> j
    void onAccuracyChanged(android.hardware.Sensor,int) -> onAccuracyChanged
    void onSensorChanged(android.hardware.SensorEvent) -> onSensorChanged
elong.CrazyCube.CrazyCubeMain$10 -> elong.CrazyCube.b:
    elong.CrazyCube.CrazyCubeMain this$0 -> a
    void onClick(android.view.View) -> onClick
elong.CrazyCube.CrazyCubeMain$2 -> elong.CrazyCube.c:
    elong.CrazyCube.CrazyCubeMain this$0 -> a
    void onAccuracyChanged(android.hardware.Sensor,int) -> onAccuracyChanged
    void onSensorChanged(android.hardware.SensorEvent) -> onSensorChanged
elong.CrazyCube.CrazyCubeMain$3 -> elong.CrazyCube.d:
    elong.CrazyCube.CrazyCubeMain this$0 -> a
    void onClick(android.view.View) -> onClick
elong.CrazyCube.CrazyCubeMain$4 -> elong.CrazyCube.e:
    elong.CrazyCube.CrazyCubeMain this$0 -> a
    void onClick(android.view.View) -> onClick
elong.CrazyCube.CrazyCubeMain$5 -> elong.CrazyCube.f:
    elong.CrazyCube.CrazyCubeMain this$0 -> a
    void onClick(android.view.View) -> onClick
elong.CrazyCube.CrazyCubeMain$6 -> elong.CrazyCube.g:
    elong.CrazyCube.CrazyCubeMain this$0 -> a
    void onClick(android.view.View) -> onClick
elong.CrazyCube.CrazyCubeMain$7 -> elong.CrazyCube.h:
    elong.CrazyCube.CrazyCubeMain this$0 -> a
    void onClick(android.view.View) -> onClick
elong.CrazyCube.CrazyCubeMain$8 -> elong.CrazyCube.i:
    elong.CrazyCube.CrazyCubeMain this$0 -> a
    void onClick(android.view.View) -> onClick
elong.CrazyCube.CrazyCubeMain$9 -> elong.CrazyCube.j:
    elong.CrazyCube.CrazyCubeMain this$0 -> a
    void onClick(android.view.View) -> onClick
...
com.adsmogo.adapters.api.ax -> com.adsmogo.adapters.api.bk:
    com.adsmogo.adapters.api.SXmXaXaXtXoAdapter a -> a
    java.lang.String b -> b
    com.adsmogo.adapters.api.SXmXaXaXtXoAdapter c -> c
    void run() -> run
com.adsmogo.adapters.api.ay -> com.adsmogo.adapters.api.bl:
    com.adsmogo.adapters.api.SXmXaXaXtXoAdapter a -> a
    com.adsmogo.model.obj.Ration b -> b
    com.adsmogo.adapters.api.SXmXaXaXtXoAdapter c -> c
    void run() -> run
com.adsmogo.adapters.api.az -> com.adsmogo.adapters.api.bm:
    com.adsmogo.adapters.api.SXmXaXaXtXoAdapter a -> a
    boolean shouldOverrideUrlLoading(android.webkit.WebView,java.lang.String) -> shouldOverrideUrlLoading
    void onPageFinished(android.webkit.WebView,java.lang.String) -> onPageFinished
com.adsmogo.adapters.api.b -> com.adsmogo.adapters.api.bn:
    java.lang.String a -> a
    com.adsmogo.adapters.api.APIAdapter b -> b
    void run() -> run
com.adsmogo.adapters.api.c -> com.adsmogo.adapters.api.bo:
    com.adsmogo.adapters.api.APIAdapter a -> a
    void run() -> run
com.adsmogo.adapters.api.d -> com.adsmogo.adapters.api.bp:
    com.adsmogo.adapters.api.APIAdapter a -> a
    boolean shouldOverrideUrlLoading(android.webkit.WebView,java.lang.String) -> shouldOverrideUrlLoading
    void onPageFinished(android.webkit.WebView,java.lang.String) -> onPageFinished
com.adsmogo.adapters.api.e -> com.adsmogo.adapters.api.bq:
    boolean a -> a
    com.adsmogo.adapters.api.AXdXCXhXiXnXaApiAdapter b -> b
    void run() -> run
com.adsmogo.adapters.api.f -> com.adsmogo.adapters.api.br:
    java.lang.String a -> a
    com.adsmogo.adapters.api.AXdXCXhXiXnXaApiAdapter b -> b
    void run() -> run
com.adsmogo.adapters.api.g -> com.adsmogo.adapters.api.bs:
    com.adsmogo.adapters.api.AXdXCXhXiXnXaApiAdapter a -> a
    void run() -> run
com.adsmogo.adapters.api.h -> com.adsmogo.adapters.api.bt:
    com.adsmogo.adapters.api.AXdXCXhXiXnXaApiAdapter a -> a
    boolean shouldOverrideUrlLoading(android.webkit.WebView,java.lang.String) -> shouldOverrideUrlLoading
    void onPageFinished(android.webkit.WebView,java.lang.String) -> onPageFinished
com.adsmogo.adapters.api.i -> com.adsmogo.adapters.api.bu:
    java.lang.String a -> a
    com.adsmogo.adapters.api.AXdXfXoXnXiXcAdapter b -> b
    void run() -> run
com.adsmogo.adapters.api.j -> com.adsmogo.adapters.api.bv:
    com.adsmogo.adapters.api.AXdXfXoXnXiXcAdapter a -> a
    void run() -> run
com.adsmogo.adapters.api.k -> com.adsmogo.adapters.api.bw:
    com.adsmogo.adapters.api.AXdXfXoXnXiXcAdapter a -> a
    void onPageFinished(android.webkit.WebView,java.lang.String) -> onPageFinished
    boolean shouldOverrideUrlLoading(android.webkit.WebView,java.lang.String) -> shouldOverrideUrlLoading
com.adsmogo.adapters.api.l -> com.adsmogo.adapters.api.bx:
    java.lang.String a -> a
    com.adsmogo.adapters.api.AXdXuXuAdapter b -> b
    void run() -> run
com.adsmogo.adapters.api.m -> com.adsmogo.adapters.api.by:
    java.lang.String a -> a
    com.adsmogo.adapters.api.AXdXuXuAdapter b -> b
    void run() -> run
com.adsmogo.adapters.api.n -> com.adsmogo.adapters.api.bz:
    com.adsmogo.adapters.api.AXdXuXuAdapter a -> a
    void run() -> run
com.adsmogo.adapters.api.o -> com.adsmogo.adapters.api.ca:
    com.adsmogo.adapters.api.AXdXuXuAdapter a -> a
    boolean shouldOverrideUrlLoading(android.webkit.WebView,java.lang.String) -> shouldOverrideUrlLoading
    void onPageFinished(android.webkit.WebView,java.lang.String) -> onPageFinished
    com.adsmogo.adapters.api.AXdXuXuAdapter a(com.adsmogo.adapters.api.o) -> a
com.adsmogo.adapters.api.p -> com.adsmogo.adapters.api.cb:
    com.adsmogo.adapters.api.o a -> a
    java.lang.String b -> b
    void onClick(android.content.DialogInterface,int) -> onClick
com.adsmogo.adapters.api.q -> com.adsmogo.adapters.api.cc:
    void onClick(android.content.DialogInterface,int) -> onClick