CrazyCube/proguard/usage.txt
elong.CrazyCube.CrazyCubeMain:
    protected long lastTime
    protected float last_x
    protected float last_y
    protected float last_z
    protected long initTime
    protected float totalShake
    protected float shake
    63:63:static synthetic boolean access$3(elong.CrazyCube.CrazyCubeMain)
...
cn.domob.android.ads.y:
    private static final java.lang.String f
cn.domob.android.ads.z:
    static final java.lang.String a
    static final java.lang.String b
    static final java.lang.String c
    static final java.lang.String d
    static final java.lang.String e
    static final java.lang.String f
    static final java.lang.String g
    static final java.lang.String h
    static final java.lang.String i
    static final java.lang.String j
    static final java.lang.String k
    static final java.lang.String l
    static final java.lang.String m
    static final java.lang.String n
    static final java.lang.String o
    static final java.lang.String p
    static final java.lang.String q
    static final int r
    static final int s
    static final int t
    static final int u
    static final int v
    static final int w
cn.domob.android.ads.z$a
cn.domob.android.b.a:
    private static final int y
    private static final int E
    private static final int F
cn.domob.android.b.e:
    private static final java.lang.String b
    private static final java.lang.String c
cn.domob.android.b.f:
    java.lang.String b
    136:136:protected boolean a()
cn.domob.android.b.g:
    private static final int b
    private static final int l
    private static final int m
    private static final int n
cn.domob.android.b.h:
    private static final java.lang.String k
    protected static final java.lang.String a
    protected static final java.lang.String d
    static final int e
    static final int f
cn.domob.android.c.a:
    private static final long serialVersionUID
cn.sharesdk.framework.AuthorizeAdapter:
    protected void disablePopUpAnimation()
cn.sharesdk.framework.WeiboDb:
    private static final java.lang.String DB_NAME
com.adsmogo.offers.MogoOfferChooserAdapter$OfferChooserView:
    android.content.Context context
com.adsmogo.offers.MogoOffersManager:
    private static final java.lang.String PREFS_STRING_GETINFOTIME
    private static final int OFFER_TYPE_WEIGHT
    private static final int OFFER_TYPE_LIST
    private static final java.lang.String PREFS_STRING_CONFIG
    private static final java.lang.String PREFS_STRING_TIMESTAMP
    private static final java.lang.String PREFS_STRING_TEMPCONFIG
com.adsmogo.offers.util.GetUserInfo:
    private static java.lang.String ipAddress
    344:359:private static java.lang.String getLocalIPAddress()
    371:373:private static boolean mathStr(java.lang.String,java.lang.String)
com.adwo.adsdk.AdDisplayer:
    444:448:protected void showDisplayer()
    60:60:static synthetic android.widget.PopupWindow access$0(com.adwo.adsdk.AdDisplayer)
com.adwo.adsdk.AdwoAdView:
    private static final int ANIMATION_DURATION
    private static final float ANIMATION_Z_DEPTH_PERCENTAGE
    private static final int MSG_FETCH_AD
com.adwo.adsdk.ErrorCode:
    21:22:protected final void setErrorCode(int)
    29:30:protected final void setErrorString(java.lang.String)
elong.Cube.CrazyCubeAD:
    static final boolean YOUMI_AD
elong.Cube.CrazyCubeGL:
    static final int TIME_USE1
    static final int TIME_USE2
    int mFps
elong.Cube.CrazyCubeGLView:
    static final int TIME_USE1
    static final int TIME_USE2
elong.Cube.Cube3.CrazyCube:
    6759:6765:protected void OnCubeStatusChanged(elong.Cube.Cube3.CrazyCube$CubeStatusEventArgs)
net.cavas.show.DataLoaderForYijifenGeneral:
    private static java.lang.String ownerId
    private static java.lang.String aik
    private static java.lang.String o
    private static java.lang.String m
net.cavas.show.DeviceUuidFactory:
    protected static final java.lang.String PREFS_FILE
    protected static final java.lang.String PREFS_DEVICE_ID
net.cavas.show.Downloader:
    private static final int INIT
    private static final int DOWNLOADING
    private static final int PAUSE
net.cavas.show.MainLoadCavasActivity:
    android.widget.TextView curProgressText
net.cavas.show.MainLoadCavasDetailView:
    android.widget.LinearLayout iconLinear